********************************************************************************
DUPLICATOR-LITE PACKAGE-LOG: December 7, 2023 10:48 am
NOTICE: Do NOT post to public sites or forums 
********************************************************************************
VERSION:	1.5.7.1
WORDPRESS:	6.4.2
PHP INFO:	8.0.30 | SAPI: apache2handler
SERVER:		Apache/2.4.58 (Win64) OpenSSL/3.1.3 PHP/8.0.30 
PHP TIME LIMIT: (0) no time limit imposed 
PHP MAX MEMORY: 4294967296 (512M default) 
MEMORY STACK: 44MB

********************************************************************************
DATABASE:
********************************************************************************
BUILD MODE:   MYSQLDUMP
MYSQLTIMEOUT: 5000
MYSQLDUMP:    Is Supported
SQL CREATED: milayacapital_366b9e5bc2b5126d4206_20231207104759_database.sql
SQL FILE SIZE: 832.63KB (852616)
SQL FILE TIME: 2023-12-07 10:48:14
SQL RUNTIME: 2.97 sec.

********************************************************************************
ARCHIVE (ZIP):
********************************************************************************
ARCHIVE DIR:  C:/xampp/htdocs/milayacapital
ARCHIVE FILE: milayacapital_366b9e5bc2b5126d4206_20231207104759_archive.zip
FILTERS: *OFF*
DIRS:
	not set
FILES:
	not set
EXTS:  not set
----------------------------------------
COMPRESSING
SIZE:	115.67MB
STATS:	Dirs 564 | Files 4,316
SQL ADDED: milayacapital_366b9e5bc2b5126d4206_20231207104759_database.sql
ZipArchive Object
(
    [lastId] => 4879
    [status] => 0
    [statusSys] => 0
    [numFiles] => 4880
    [filename] => C:\xampp\htdocs\milayacapital\wp-content\backups-dup-lite\tmp\milayacapital_366b9e5bc2b5126d4206_20231207104759_archive.zip
    [comment] => 
)

FILE ADDED TO ZIP: 4879
COMPRESSION RESULT: '1'
COMPRESSED SIZE: 57.74MB
ARCHIVE RUNTIME: 44.54 sec.
MEMORY STACK: 46MB
building installer
ARCHIVE CONSISTENCY TEST: PASS

********************************************************************************
INTEGRITY CHECKS:
********************************************************************************
SQL FILE: 832.63KB
INSTALLER FILE: 73.47KB
ARCHIVE FILE: 59.57MB 
EXPECTED FILE/DIRECTORY COUNT: 4,880
ACTUAL FILE/DIRECTORY COUNT: 4,879
ARCHIVE CONSISTENCY TEST: Pass

********************************************************************************
RECORD ID:[1]
TOTAL PROCESS RUNTIME: 48.42 sec.
PEAK PHP MEMORY USED: 46MB
DONE PROCESSING => milayacapital December 7, 2023 10:48 am

